<?xml version="1.0" encoding="UTF-8"?>
<testsuite xmlns:xsi="http://www.w3.org/2001/XMLSchema-instance" xsi:noNamespaceSchemaLocation="https://maven.apache.org/surefire/maven-surefire-plugin/xsd/surefire-test-report.xsd" name="BDD.AppTest" time="0.243" tests="1" errors="0" skipped="0" failures="0">
  <properties>
    <property name="sun.desktop" value="windows"/>
    <property name="awt.toolkit" value="sun.awt.windows.WToolkit"/>
    <property name="file.encoding.pkg" value="sun.io"/>
    <property name="java.specification.version" value="1.8"/>
    <property name="sun.cpu.isalist" value="pentium_pro+mmx pentium_pro pentium+mmx pentium i486 i386 i86"/>
    <property name="sun.jnu.encoding" value="Cp1252"/>
    <property name="java.class.path" value="C:\Testing\rest-assured\target\test-classes;C:\Testing\rest-assured\target\classes;C:\Users\Acer\.m2\repository\junit\junit\4.11\junit-4.11.jar;C:\Users\Acer\.m2\repository\org\hamcrest\hamcrest-core\1.3\hamcrest-core-1.3.jar;C:\Users\Acer\.m2\repository\org\hamcrest\hamcrest-all\1.3\hamcrest-all-1.3.jar;C:\Users\Acer\.m2\repository\com\google\code\gson\gson\2.6.2\gson-2.6.2.jar;C:\Users\Acer\.m2\repository\com\jayway\restassured\rest-assured\2.9.0\rest-assured-2.9.0.jar;C:\Users\Acer\.m2\repository\org\codehaus\groovy\groovy\2.4.4\groovy-2.4.4.jar;C:\Users\Acer\.m2\repository\org\codehaus\groovy\groovy-xml\2.4.4\groovy-xml-2.4.4.jar;C:\Users\Acer\.m2\repository\org\apache\httpcomponents\httpclient\4.5.1\httpclient-4.5.1.jar;C:\Users\Acer\.m2\repository\org\apache\httpcomponents\httpcore\4.4.3\httpcore-4.4.3.jar;C:\Users\Acer\.m2\repository\commons-logging\commons-logging\1.2\commons-logging-1.2.jar;C:\Users\Acer\.m2\repository\commons-codec\commons-codec\1.9\commons-codec-1.9.jar;C:\Users\Acer\.m2\repository\org\apache\httpcomponents\httpmime\4.5.1\httpmime-4.5.1.jar;C:\Users\Acer\.m2\repository\org\hamcrest\hamcrest-library\1.3\hamcrest-library-1.3.jar;C:\Users\Acer\.m2\repository\org\ccil\cowan\tagsoup\tagsoup\1.2.1\tagsoup-1.2.1.jar;C:\Users\Acer\.m2\repository\com\jayway\restassured\json-path\2.9.0\json-path-2.9.0.jar;C:\Users\Acer\.m2\repository\org\codehaus\groovy\groovy-json\2.4.4\groovy-json-2.4.4.jar;C:\Users\Acer\.m2\repository\com\jayway\restassured\rest-assured-common\2.9.0\rest-assured-common-2.9.0.jar;C:\Users\Acer\.m2\repository\com\jayway\restassured\xml-path\2.9.0\xml-path-2.9.0.jar;C:\Users\Acer\.m2\repository\org\apache\commons\commons-lang3\3.3.2\commons-lang3-3.3.2.jar;"/>
    <property name="java.vm.vendor" value="Oracle Corporation"/>
    <property name="sun.arch.data.model" value="32"/>
    <property name="user.variant" value=""/>
    <property name="java.vendor.url" value="http://java.oracle.com/"/>
    <property name="user.timezone" value="Australia/Sydney"/>
    <property name="java.vm.specification.version" value="1.8"/>
    <property name="os.name" value="Windows 8.1"/>
    <property name="user.country" value="AU"/>
    <property name="sun.java.launcher" value="SUN_STANDARD"/>
    <property name="sun.boot.library.path" value="C:\Program Files (x86)\Java\jdk1.8.0\jre\bin"/>
    <property name="sun.java.command" value="C:\Users\Acer\AppData\Local\Temp\surefire3451014091095529464\surefirebooter2697483903327883647.jar C:\Users\Acer\AppData\Local\Temp\surefire3451014091095529464 2018-05-08T22-39-32_296-jvmRun1 surefire2210297245034801474tmp surefire_09073409040517198590tmp"/>
    <property name="surefire.test.class.path" value="C:\Testing\rest-assured\target\test-classes;C:\Testing\rest-assured\target\classes;C:\Users\Acer\.m2\repository\junit\junit\4.11\junit-4.11.jar;C:\Users\Acer\.m2\repository\org\hamcrest\hamcrest-core\1.3\hamcrest-core-1.3.jar;C:\Users\Acer\.m2\repository\org\hamcrest\hamcrest-all\1.3\hamcrest-all-1.3.jar;C:\Users\Acer\.m2\repository\com\google\code\gson\gson\2.6.2\gson-2.6.2.jar;C:\Users\Acer\.m2\repository\com\jayway\restassured\rest-assured\2.9.0\rest-assured-2.9.0.jar;C:\Users\Acer\.m2\repository\org\codehaus\groovy\groovy\2.4.4\groovy-2.4.4.jar;C:\Users\Acer\.m2\repository\org\codehaus\groovy\groovy-xml\2.4.4\groovy-xml-2.4.4.jar;C:\Users\Acer\.m2\repository\org\apache\httpcomponents\httpclient\4.5.1\httpclient-4.5.1.jar;C:\Users\Acer\.m2\repository\org\apache\httpcomponents\httpcore\4.4.3\httpcore-4.4.3.jar;C:\Users\Acer\.m2\repository\commons-logging\commons-logging\1.2\commons-logging-1.2.jar;C:\Users\Acer\.m2\repository\commons-codec\commons-codec\1.9\commons-codec-1.9.jar;C:\Users\Acer\.m2\repository\org\apache\httpcomponents\httpmime\4.5.1\httpmime-4.5.1.jar;C:\Users\Acer\.m2\repository\org\hamcrest\hamcrest-library\1.3\hamcrest-library-1.3.jar;C:\Users\Acer\.m2\repository\org\ccil\cowan\tagsoup\tagsoup\1.2.1\tagsoup-1.2.1.jar;C:\Users\Acer\.m2\repository\com\jayway\restassured\json-path\2.9.0\json-path-2.9.0.jar;C:\Users\Acer\.m2\repository\org\codehaus\groovy\groovy-json\2.4.4\groovy-json-2.4.4.jar;C:\Users\Acer\.m2\repository\com\jayway\restassured\rest-assured-common\2.9.0\rest-assured-common-2.9.0.jar;C:\Users\Acer\.m2\repository\com\jayway\restassured\xml-path\2.9.0\xml-path-2.9.0.jar;C:\Users\Acer\.m2\repository\org\apache\commons\commons-lang3\3.3.2\commons-lang3-3.3.2.jar;"/>
    <property name="sun.cpu.endian" value="little"/>
    <property name="user.home" value="C:\Users\Acer"/>
    <property name="user.language" value="en"/>
    <property name="java.specification.vendor" value="Oracle Corporation"/>
    <property name="java.home" value="C:\Program Files (x86)\Java\jdk1.8.0\jre"/>
    <property name="basedir" value="C:\Testing\rest-assured"/>
    <property name="file.separator" value="\"/>
    <property name="line.separator" value="&#10;"/>
    <property name="java.vm.specification.vendor" value="Oracle Corporation"/>
    <property name="java.specification.name" value="Java Platform API Specification"/>
    <property name="java.awt.graphicsenv" value="sun.awt.Win32GraphicsEnvironment"/>
    <property name="surefire.real.class.path" value="C:\Users\Acer\AppData\Local\Temp\surefire3451014091095529464\surefirebooter2697483903327883647.jar"/>
    <property name="sun.boot.class.path" value="C:\Program Files (x86)\Java\jdk1.8.0\jre\lib\resources.jar;C:\Program Files (x86)\Java\jdk1.8.0\jre\lib\rt.jar;C:\Program Files (x86)\Java\jdk1.8.0\jre\lib\sunrsasign.jar;C:\Program Files (x86)\Java\jdk1.8.0\jre\lib\jsse.jar;C:\Program Files (x86)\Java\jdk1.8.0\jre\lib\jce.jar;C:\Program Files (x86)\Java\jdk1.8.0\jre\lib\charsets.jar;C:\Program Files (x86)\Java\jdk1.8.0\jre\lib\jfr.jar;C:\Program Files (x86)\Java\jdk1.8.0\jre\classes"/>
    <property name="user.script" value=""/>
    <property name="sun.management.compiler" value="HotSpot Client Compiler"/>
    <property name="java.runtime.version" value="1.8.0-b132"/>
    <property name="user.name" value="Acer"/>
    <property name="path.separator" value=";"/>
    <property name="os.version" value="6.3"/>
    <property name="java.endorsed.dirs" value="C:\Program Files (x86)\Java\jdk1.8.0\jre\lib\endorsed"/>
    <property name="java.runtime.name" value="Java(TM) SE Runtime Environment"/>
    <property name="file.encoding" value="Cp1252"/>
    <property name="java.vm.name" value="Java HotSpot(TM) Client VM"/>
    <property name="localRepository" value="C:\Users\Acer\.m2\repository"/>
    <property name="java.vendor.url.bug" value="http://bugreport.sun.com/bugreport/"/>
    <property name="java.io.tmpdir" value="C:\Users\Acer\AppData\Local\Temp\"/>
    <property name="java.version" value="1.8.0"/>
    <property name="user.dir" value="C:\Testing\rest-assured"/>
    <property name="os.arch" value="x86"/>
    <property name="java.vm.specification.name" value="Java Virtual Machine Specification"/>
    <property name="java.awt.printerjob" value="sun.awt.windows.WPrinterJob"/>
    <property name="sun.os.patch.level" value=""/>
    <property name="java.library.path" value="C:\Program Files (x86)\Java\jdk1.8.0\jre\bin;C:\WINDOWS\Sun\Java\bin;C:\WINDOWS\system32;C:\WINDOWS;C:/Program Files (x86)/Java/jdk1.8.0/bin/../jre/bin/client;C:/Program Files (x86)/Java/jdk1.8.0/bin/../jre/bin;C:/Program Files (x86)/Java/jdk1.8.0/bin/../jre/lib/i386;C:\WINDOWS\SYSTEM32\;C:\WINDOWS\SYSTEM32;C:\WINDOWS;C:\WINDOWS\SYSTEM32\WBEM;C:\WINDOWS\SYSTEM32\WINDOWSPOWERSHELL\V1.0\;C:\PROGRAM FILES\GIT\CMD;C:\PROGRAM FILES\MYSQL\MYSQL UTILITIES 1.6\;C:\SEL\DRIVERS;C:\Program Files\nodejs\;C:\Program Files (x86)\Java\jdk1.8.0\bin;C:\Program Files\Git\cmd;C:\WINDOWS\system32;C:\WINDOWS;C:\WINDOWS\System32\Wbem;C:\WINDOWS\System32\WindowsPowerShell\v1.0\;C:\Program Files (x86)\apache-maven-3.5.2-bin\apache-maven-3.5.2\bin;C:\Users\Acer\AppData\Local\Microsoft\WindowsApps;;C:\Softwares-20160827T181310Z\Softwares\eclipse;;."/>
    <property name="java.vm.info" value="mixed mode"/>
    <property name="java.vendor" value="Oracle Corporation"/>
    <property name="java.vm.version" value="25.0-b70"/>
    <property name="java.ext.dirs" value="C:\Program Files (x86)\Java\jdk1.8.0\jre\lib\ext;C:\WINDOWS\Sun\Java\lib\ext"/>
    <property name="sun.io.unicode.encoding" value="UnicodeLittle"/>
    <property name="java.class.version" value="52.0"/>
  </properties>
  <testcase name="shouldAnswerWithTrue" classname="BDD.AppTest" time="0.003"/>
</testsuite>